<?xml version="1.0" encoding="UTF-8"?>
<!-- Generated by org.testng.reporters.JUnitReportReporter -->
<testsuite skipped="0" hostname="User" name="com.ewizsaas.RegistrationPage" tests="1" failures="0" timestamp="2023-01-10T12:48:20 IST" time="36.386" errors="0">
  <testcase name="veriifyRegistrationField" time="36.386" classname="com.ewizsaas.RegistrationPage"/>
  <system-out/>
</testsuite> <!-- com.ewizsaas.RegistrationPage -->
